<?xml version="1.0" encoding="UTF-8"?>
<testsuite xmlns:xsi="http://www.w3.org/2001/XMLSchema-instance" xsi:noNamespaceSchemaLocation="https://maven.apache.org/surefire/maven-surefire-plugin/xsd/surefire-test-report-3.0.xsd" version="3.0" name="com.petlife.auth.PasswordTest" time="0.156" tests="1" errors="0" skipped="0" failures="0">
  <properties>
[...]
</properties>
  <testcase name="testPassword" classname="com.petlife.auth.PasswordTest" time="0.137">
    <system-out><![CDATA[密码匹配成功: admin
]]></system-out>
  </testcase>
</testsuite>